

Started GET "/" for 127.0.0.1 at 2014-04-03 21:59:42 +0800
Processing by Rails::WelcomeController#index as HTML
  Rendered /Users/Simon/.rvm/gems/ruby-2.1.1/gems/railties-4.0.3/lib/rails/templates/rails/welcome/index.html.erb (1.8ms)
Completed 200 OK in 17ms (Views: 8.7ms | ActiveRecord: 0.0ms)


Started GET "/" for 127.0.0.1 at 2014-04-05 14:12:44 +0800
Processing by Rails::WelcomeController#index as HTML
  Rendered /Users/Simon/.rvm/gems/ruby-2.1.1/gems/railties-4.0.3/lib/rails/templates/rails/welcome/index.html.erb (1.5ms)
Completed 200 OK in 17ms (Views: 7.9ms | ActiveRecord: 0.0ms)


Started GET "/home" for 127.0.0.1 at 2014-04-05 14:15:02 +0800

ActionController::RoutingError (No route matches [GET] "/home"):
  actionpack (4.0.3) lib/action_dispatch/middleware/debug_exceptions.rb:21:in `call'
  actionpack (4.0.3) lib/action_dispatch/middleware/show_exceptions.rb:30:in `call'
  railties (4.0.3) lib/rails/rack/logger.rb:38:in `call_app'
  railties (4.0.3) lib/rails/rack/logger.rb:20:in `block in call'
  activesupport (4.0.3) lib/active_support/tagged_logging.rb:67:in `block in tagged'
  activesupport (4.0.3) lib/active_support/tagged_logging.rb:25:in `tagged'
  activesupport (4.0.3) lib/active_support/tagged_logging.rb:67:in `tagged'
  railties (4.0.3) lib/rails/rack/logger.rb:20:in `call'
  actionpack (4.0.3) lib/action_dispatch/middleware/request_id.rb:21:in `call'
  rack (1.5.2) lib/rack/methodoverride.rb:21:in `call'
  rack (1.5.2) lib/rack/runtime.rb:17:in `call'
  activesupport (4.0.3) lib/active_support/cache/strategy/local_cache.rb:83:in `call'
  rack (1.5.2) lib/rack/lock.rb:17:in `call'
  actionpack (4.0.3) lib/action_dispatch/middleware/static.rb:64:in `call'
  rack (1.5.2) lib/rack/sendfile.rb:112:in `call'
  railties (4.0.3) lib/rails/engine.rb:511:in `call'
  railties (4.0.3) lib/rails/application.rb:97:in `call'
  rack (1.5.2) lib/rack/lock.rb:17:in `call'
  rack (1.5.2) lib/rack/content_length.rb:14:in `call'
  rack (1.5.2) lib/rack/handler/webrick.rb:60:in `service'
  /Users/Simon/.rvm/rubies/ruby-2.1.1/lib/ruby/2.1.0/webrick/httpserver.rb:138:in `service'
  /Users/Simon/.rvm/rubies/ruby-2.1.1/lib/ruby/2.1.0/webrick/httpserver.rb:94:in `run'
  /Users/Simon/.rvm/rubies/ruby-2.1.1/lib/ruby/2.1.0/webrick/server.rb:295:in `block in start_thread'


  Rendered /Users/Simon/.rvm/gems/ruby-2.1.1/gems/actionpack-4.0.3/lib/action_dispatch/middleware/templates/rescues/_trace.erb (0.9ms)
  Rendered /Users/Simon/.rvm/gems/ruby-2.1.1/gems/actionpack-4.0.3/lib/action_dispatch/middleware/templates/routes/_route.html.erb (0.9ms)
  Rendered /Users/Simon/.rvm/gems/ruby-2.1.1/gems/actionpack-4.0.3/lib/action_dispatch/middleware/templates/routes/_table.html.erb (4.6ms)
  Rendered /Users/Simon/.rvm/gems/ruby-2.1.1/gems/actionpack-4.0.3/lib/action_dispatch/middleware/templates/rescues/routing_error.erb within rescues/layout (23.2ms)


Started GET "/" for 127.0.0.1 at 2014-04-05 14:15:07 +0800
Processing by Rails::WelcomeController#index as HTML
  Rendered /Users/Simon/.rvm/gems/ruby-2.1.1/gems/railties-4.0.3/lib/rails/templates/rails/welcome/index.html.erb (0.5ms)
Completed 200 OK in 9ms (Views: 1.8ms | ActiveRecord: 0.0ms)


Started GET "/home/index" for 127.0.0.1 at 2014-04-05 14:15:18 +0800
Processing by HomeController#index as HTML
  Rendered home/index.html.erb within layouts/application (0.3ms)
Completed 200 OK in 558ms (Views: 557.5ms | ActiveRecord: 0.0ms)


Started GET "/assets/bootstrap.css?body=1" for 127.0.0.1 at 2014-04-05 14:15:19 +0800


Started GET "/assets/application.css?body=1" for 127.0.0.1 at 2014-04-05 14:15:19 +0800


Started GET "/assets/home.css?body=1" for 127.0.0.1 at 2014-04-05 14:15:19 +0800


Started GET "/assets/bootstrap.min.css?body=1" for 127.0.0.1 at 2014-04-05 14:15:19 +0800


Started GET "/assets/jquery.js?body=1" for 127.0.0.1 at 2014-04-05 14:15:19 +0800


Started GET "/assets/jquery_ujs.js?body=1" for 127.0.0.1 at 2014-04-05 14:15:19 +0800


Started GET "/assets/turbolinks.js?body=1" for 127.0.0.1 at 2014-04-05 14:15:19 +0800


Started GET "/assets/bootstrap.js?body=1" for 127.0.0.1 at 2014-04-05 14:15:19 +0800


Started GET "/assets/bootstrap.min.js?body=1" for 127.0.0.1 at 2014-04-05 14:15:19 +0800


Started GET "/assets/home.js?body=1" for 127.0.0.1 at 2014-04-05 14:15:19 +0800


Started GET "/assets/application.js?body=1" for 127.0.0.1 at 2014-04-05 14:15:19 +0800
